================================================================
Program: CD-HIT, V4.3 (+OpenMP), Oct 26 2010, 16:05:57
Command: cd-hit -i 1456928509.fas.0 -d 0 -o 1456928509.fas.1
         -c 0.9 -n 5 -G 1 -g 1 -b 20 -s 0.0 -aL 0.0 -aS 0.0

Started: Wed Mar  2 06:21:55 2016
================================================================
                            Output                              
----------------------------------------------------------------
total seq: 397
longest and shortest : 2592 and 54
Total letters: 228636
Sequences have been sorted

Approximated minimal memory consumption:
Sequence        : 0M
Buffer          : 1 X 11M = 11M
Table           : 1 X 65M = 65M
Miscellaneous   : 0M
Total           : 77M

Table limit with the given memory limit:
Max number of representatives: 4161536
Max number of word counting entries: 90313280

comparing sequences from          0  to        397
...
      397  finished        347  clusters

Apprixmated maximum memory consumption: 78M
Total CPU time 0
writing new database
writing clustering information
program completed !

Total CPU time 0
